<?xml version="1.0" encoding="UTF-8"?>
<testsuite xmlns:xsi="http://www.w3.org/2001/XMLSchema-instance" xsi:noNamespaceSchemaLocation="https://maven.apache.org/surefire/maven-surefire-plugin/xsd/surefire-test-report-3.0.xsd" version="3.0" name="com.devtiro.lombok.domain.AuthorTests" time="0.013" tests="7" errors="0" skipped="0" failures="0">
  <properties>
[...]
</properties>
  <testcase name="testCanSetGetFamilyName" classname="com.devtiro.lombok.domain.AuthorTests" time="0.001"/>
  <testcase name="testCanCreateAuthorWithAllArgumentsConstructor" classname="com.devtiro.lombok.domain.AuthorTests" time="0.001"/>
  <testcase name="testThatToStringReturnsCorrectString" classname="com.devtiro.lombok.domain.AuthorTests" time="0.001"/>
  <testcase name="testAuthorEqualsSame" classname="com.devtiro.lombok.domain.AuthorTests" time="0.001"/>
  <testcase name="testCanSetGetGivenName" classname="com.devtiro.lombok.domain.AuthorTests" time="0.001"/>
  <testcase name="testCanSetGetAge" classname="com.devtiro.lombok.domain.AuthorTests" time="0.001"/>
  <testcase name="testCanCreateAuthorWithNoArgumentsConstructor" classname="com.devtiro.lombok.domain.AuthorTests" time="0.001"/>
</testsuite>